c:\projects\mygame\proj.win32\debug.win32\helloworldscene.obj
c:\projects\mygame\proj.win32\debug.win32\appdelegate.obj
c:\projects\mygame\proj.win32\debug.win32\main.obj
c:\projects\mygame\proj.win32\debug.win32\vc143.pdb
c:\projects\mygame\proj.win32\debug.win32\mygame.lib
c:\projects\mygame\proj.win32\debug.win32\mygame.exp
c:\projects\mygame\proj.win32\debug.win32\mygame.exe
c:\projects\mygame\proj.win32\debug.win32\mygame.ilk
c:\projects\mygame\proj.win32\debug.win32\mygame.pdb
c:\projects\mygame\proj.win32\debug.win32\game.res
c:\projects\mygame\proj.win32\debug.win32\libcocos2d.exp
c:\projects\mygame\proj.win32\debug.win32\libspine.idb
c:\projects\mygame\proj.win32\debug.win32\vc143.idb
c:\projects\mygame\proj.win32\debug.win32\libcocos2d.pdb
c:\projects\mygame\proj.win32\debug.win32\librecast.pdb
c:\projects\mygame\proj.win32\debug.win32\libspine.pdb
c:\projects\mygame\proj.win32\debug.win32\mygame.tlog\cl.command.1.tlog
c:\projects\mygame\proj.win32\debug.win32\mygame.tlog\cl.items.tlog
c:\projects\mygame\proj.win32\debug.win32\mygame.tlog\cl.read.1.tlog
c:\projects\mygame\proj.win32\debug.win32\mygame.tlog\cl.write.1.tlog
c:\projects\mygame\proj.win32\debug.win32\mygame.tlog\link.command.1.tlog
c:\projects\mygame\proj.win32\debug.win32\mygame.tlog\link.read.1.tlog
c:\projects\mygame\proj.win32\debug.win32\mygame.tlog\link.write.1.tlog
c:\projects\mygame\proj.win32\debug.win32\mygame.tlog\link.write.2u.tlog
c:\projects\mygame\proj.win32\debug.win32\mygame.tlog\rc.command.1.tlog
c:\projects\mygame\proj.win32\debug.win32\mygame.tlog\rc.read.1.tlog
c:\projects\mygame\proj.win32\debug.win32\mygame.tlog\rc.write.1.tlog
